2020-01-18 16:16:49.680  INFO 7342 --- [main] com.useful.person.OkrmServerApplication  : Starting OkrmServerApplication on peter-desktop with PID 7342 (/home/peter/Documents/gitrepo/okrm-server/useful-person.okrm-server/target/classes started by peter in /home/peter/Documents/gitrepo/okrm-server)
2020-01-18 16:16:49.681  INFO 7342 --- [main] com.useful.person.OkrmServerApplication  : The following profiles are active: dev
2020-01-18 16:16:50.710  INFO 7342 --- [main] .s.d.r.c.RepositoryConfigurationDelegate : Multiple Spring Data modules found, entering strict repository configuration mode!
2020-01-18 16:16:50.712  INFO 7342 --- [main] .s.d.r.c.RepositoryConfigurationDelegate : Bootstrapping Spring Data repositories in DEFAULT mode.
2020-01-18 16:16:50.889  INFO 7342 --- [main] .s.d.r.c.RepositoryConfigurationDelegate : Finished Spring Data repository scanning in 172ms. Found 20 repository interfaces.
2020-01-18 16:16:51.307  INFO 7342 --- [main] trationDelegate$BeanPostProcessorChecker : Bean 'org.springframework.transaction.annotation.ProxyTransactionManagementConfiguration' of type [org.springframework.transaction.annotation.ProxyTransactionManagementConfiguration$$EnhancerBySpringCGLIB$$18873832] is not eligible for getting processed by all BeanPostProcessors (for example: not eligible for auto-proxying)
2020-01-18 16:16:51.374  INFO 7342 --- [main] trationDelegate$BeanPostProcessorChecker : Bean 'org.springframework.security.config.annotation.configuration.ObjectPostProcessorConfiguration' of type [org.springframework.security.config.annotation.configuration.ObjectPostProcessorConfiguration$$EnhancerBySpringCGLIB$$b135006c] is not eligible for getting processed by all BeanPostProcessors (for example: not eligible for auto-proxying)
2020-01-18 16:16:51.379  INFO 7342 --- [main] trationDelegate$BeanPostProcessorChecker : Bean 'objectPostProcessor' of type [org.springframework.security.config.annotation.configuration.AutowireBeanFactoryObjectPostProcessor] is not eligible for getting processed by all BeanPostProcessors (for example: not eligible for auto-proxying)
2020-01-18 16:16:51.380  INFO 7342 --- [main] trationDelegate$BeanPostProcessorChecker : Bean 'org.springframework.security.access.expression.method.DefaultMethodSecurityExpressionHandler@7c3c453b' of type [org.springframework.security.access.expression.method.DefaultMethodSecurityExpressionHandler] is not eligible for getting processed by all BeanPostProcessors (for example: not eligible for auto-proxying)
2020-01-18 16:16:51.383  INFO 7342 --- [main] trationDelegate$BeanPostProcessorChecker : Bean 'org.springframework.security.config.annotation.method.configuration.GlobalMethodSecurityConfiguration' of type [org.springframework.security.config.annotation.method.configuration.GlobalMethodSecurityConfiguration$$EnhancerBySpringCGLIB$$d609a31e] is not eligible for getting processed by all BeanPostProcessors (for example: not eligible for auto-proxying)
2020-01-18 16:16:51.385  INFO 7342 --- [main] trationDelegate$BeanPostProcessorChecker : Bean 'methodSecurityMetadataSource' of type [org.springframework.security.access.method.DelegatingMethodSecurityMetadataSource] is not eligible for getting processed by all BeanPostProcessors (for example: not eligible for auto-proxying)
2020-01-18 16:16:51.646  INFO 7342 --- [main] o.s.b.w.embedded.tomcat.TomcatWebServer  : Tomcat initialized with port(s): 8080 (http)
2020-01-18 16:16:51.672  INFO 7342 --- [main] o.apache.catalina.core.StandardService   : Starting service [Tomcat]
2020-01-18 16:16:51.673  INFO 7342 --- [main] org.apache.catalina.core.StandardEngine  : Starting Servlet engine: [Apache Tomcat/9.0.22]
2020-01-18 16:16:51.788  INFO 7342 --- [main] o.a.c.c.C.[Tomcat].[localhost].[/]       : Initializing Spring embedded WebApplicationContext
2020-01-18 16:16:51.788  INFO 7342 --- [main] o.s.web.context.ContextLoader            : Root WebApplicationContext: initialization completed in 2052 ms
2020-01-18 16:16:52.509  INFO 7342 --- [main] com.zaxxer.hikari.HikariDataSource       : HikariPool-1 - Starting...
2020-01-18 16:16:52.807  INFO 7342 --- [main] com.zaxxer.hikari.HikariDataSource       : HikariPool-1 - Start completed.
2020-01-18 16:16:52.853  INFO 7342 --- [main] o.hibernate.jpa.internal.util.LogHelper  : HHH000204: Processing PersistenceUnitInfo [
	name: default
	...]
2020-01-18 16:16:52.910  INFO 7342 --- [main] org.hibernate.Version                    : HHH000412: Hibernate Core {5.3.10.Final}
2020-01-18 16:16:52.912  INFO 7342 --- [main] org.hibernate.cfg.Environment            : HHH000206: hibernate.properties not found
2020-01-18 16:16:53.016  INFO 7342 --- [main] o.hibernate.annotations.common.Version   : HCANN000001: Hibernate Commons Annotations {5.0.4.Final}
2020-01-18 16:16:53.099  INFO 7342 --- [main] org.hibernate.dialect.Dialect            : HHH000400: Using dialect: org.hibernate.dialect.MySQL8Dialect
2020-01-18 16:16:53.587  INFO 7342 --- [main] org.hibernate.tuple.PojoInstantiator     : HHH000182: No default (no-argument) constructor for class: com.useful.person.core.domain.UserInfoLog (class must be instantiated by Interceptor)
2020-01-18 16:16:53.954  INFO 7342 --- [main] j.LocalContainerEntityManagerFactoryBean : Initialized JPA EntityManagerFactory for persistence unit 'default'
2020-01-18 16:16:54.580  INFO 7342 --- [main] o.h.h.i.QueryTranslatorFactoryInitiator  : HHH000397: Using ASTQueryTranslatorFactory
2020-01-18 16:16:55.227  INFO 7342 --- [main] o.s.b.a.e.web.EndpointLinksResolver      : Exposing 2 endpoint(s) beneath base path '/actuator'
2020-01-18 16:16:55.328  INFO 7342 --- [main] pertySourcedRequestMappingHandlerMapping : Mapped URL path [/v2/api-docs] onto method [public org.springframework.http.ResponseEntity<springfox.documentation.spring.web.json.Json> springfox.documentation.swagger2.web.Swagger2Controller.getDocumentation(java.lang.String,javax.servlet.http.HttpServletRequest)]
2020-01-18 16:16:55.430  INFO 7342 --- [main] o.s.s.concurrent.ThreadPoolTaskExecutor  : Initializing ExecutorService 'applicationTaskExecutor'
2020-01-18 16:16:55.474  INFO 7342 --- [main] o.s.b.a.w.s.WelcomePageHandlerMapping    : Adding welcome page: class path resource [static/index.html]
2020-01-18 16:16:55.815  INFO 7342 --- [main] o.s.s.web.DefaultSecurityFilterChain     : Creating filter chain: any request, [org.springframework.security.web.context.request.async.WebAsyncManagerIntegrationFilter@35929bc7, org.springframework.security.web.context.SecurityContextPersistenceFilter@452d9887, org.springframework.security.web.header.HeaderWriterFilter@767f03c5, org.springframework.security.web.authentication.logout.LogoutFilter@7bdfd631, com.useful.person.core.validator.code.sms.SmsCodeFilter@3ffa007c, com.useful.person.core.validator.code.ValidatorCodeFilter@705a793a, org.springframework.security.web.authentication.UsernamePasswordAuthenticationFilter@78f9b1ec, com.useful.person.core.authentication.mobile.SmsCodeAuthenticationFilter@4ee5d723, org.springframework.security.web.savedrequest.RequestCacheAwareFilter@1b7708d9, org.springframework.security.web.servletapi.SecurityContextHolderAwareRequestFilter@4b6fc615, org.springframework.security.web.authentication.rememberme.RememberMeAuthenticationFilter@219505d9, org.springframework.security.web.authentication.AnonymousAuthenticationFilter@6f88319b, org.springframework.security.web.session.SessionManagementFilter@48e13ec9, org.springframework.security.web.access.ExceptionTranslationFilter@e83d546, org.springframework.security.web.access.intercept.FilterSecurityInterceptor@649ddfe6]
2020-01-18 16:16:55.917  INFO 7342 --- [main] io.lettuce.core.EpollProvider            : Starting without optional epoll library
2020-01-18 16:16:55.918  INFO 7342 --- [main] io.lettuce.core.KqueueProvider           : Starting without optional kqueue library
2020-01-18 16:16:56.159  INFO 7342 --- [main] d.s.w.p.DocumentationPluginsBootstrapper : Context refreshed
2020-01-18 16:16:56.174  INFO 7342 --- [main] d.s.w.p.DocumentationPluginsBootstrapper : Found 1 custom documentation plugin(s)
2020-01-18 16:16:56.212  INFO 7342 --- [main] s.d.s.w.s.ApiListingReferenceScanner     : Scanning for api listing references
2020-01-18 16:16:56.418  INFO 7342 --- [main] .d.s.w.r.o.CachingOperationNameGenerator : Generating unique operation named: queryAllUsingGET_1
2020-01-18 16:16:56.437  INFO 7342 --- [main] .d.s.w.r.o.CachingOperationNameGenerator : Generating unique operation named: addAllUsingPOST_1
2020-01-18 16:16:56.446  INFO 7342 --- [main] .d.s.w.r.o.CachingOperationNameGenerator : Generating unique operation named: queryByIdUsingGET_1
2020-01-18 16:16:56.449  INFO 7342 --- [main] .d.s.w.r.o.CachingOperationNameGenerator : Generating unique operation named: updateOneUsingPUT_1
2020-01-18 16:16:56.457  INFO 7342 --- [main] .d.s.w.r.o.CachingOperationNameGenerator : Generating unique operation named: addUsingPOST_1
2020-01-18 16:16:56.461  INFO 7342 --- [main] .d.s.w.r.o.CachingOperationNameGenerator : Generating unique operation named: queryAllUsingGET_2
2020-01-18 16:16:56.467  INFO 7342 --- [main] .d.s.w.r.o.CachingOperationNameGenerator : Generating unique operation named: updateOneUsingPUT_2
2020-01-18 16:16:56.490  INFO 7342 --- [main] .d.s.w.r.o.CachingOperationNameGenerator : Generating unique operation named: deleteUsingDELETE_1
2020-01-18 16:16:56.531  INFO 7342 --- [main] .d.s.w.r.o.CachingOperationNameGenerator : Generating unique operation named: deleteUsingDELETE_2
2020-01-18 16:16:56.587  INFO 7342 --- [main] .d.s.w.r.o.CachingOperationNameGenerator : Generating unique operation named: queryByUuidUsingGET_1
2020-01-18 16:16:56.647  INFO 7342 --- [main] .d.s.w.r.o.CachingOperationNameGenerator : Generating unique operation named: addUsingPOST_2
2020-01-18 16:16:56.648  INFO 7342 --- [main] .d.s.w.r.o.CachingOperationNameGenerator : Generating unique operation named: queryByIdUsingGET_2
2020-01-18 16:16:56.649  INFO 7342 --- [main] .d.s.w.r.o.CachingOperationNameGenerator : Generating unique operation named: updateOneUsingPUT_3
2020-01-18 16:16:56.668  INFO 7342 --- [main] .d.s.w.r.o.CachingOperationNameGenerator : Generating unique operation named: createTaskUsingPOST_1
2020-01-18 16:16:56.697  INFO 7342 --- [main] .d.s.w.r.o.CachingOperationNameGenerator : Generating unique operation named: queryUsingGET_1
2020-01-18 16:16:56.702  INFO 7342 --- [main] .d.s.w.r.o.CachingOperationNameGenerator : Generating unique operation named: queryUniversityUsingGET_1
2020-01-18 16:16:57.289  INFO 7342 --- [main] s.a.ScheduledAnnotationBeanPostProcessor : No TaskScheduler/ScheduledExecutorService bean found for scheduled processing
2020-01-18 16:16:57.323  INFO 7342 --- [main] o.s.b.w.embedded.tomcat.TomcatWebServer  : Tomcat started on port(s): 8080 (http) with context path ''
2020-01-18 16:16:57.325  INFO 7342 --- [main] com.useful.person.OkrmServerApplication  : Started OkrmServerApplication in 7.925 seconds (JVM running for 8.234)
2020-01-18 16:17:03.722  INFO 7342 --- [http-nio-8080-exec-1] o.a.c.c.C.[Tomcat].[localhost].[/]       : Initializing Spring DispatcherServlet 'dispatcherServlet'
2020-01-18 16:17:03.723  INFO 7342 --- [http-nio-8080-exec-1] o.s.web.servlet.DispatcherServlet        : Initializing Servlet 'dispatcherServlet'
2020-01-18 16:17:03.735  INFO 7342 --- [http-nio-8080-exec-1] o.s.web.servlet.DispatcherServlet        : Completed initialization in 12 ms
2020-01-18 16:17:03.776  INFO 7342 --- [http-nio-8080-exec-1] u.p.b.a.OkrmAuthenticationFailureHandler : 验证失败，参数：username: cbtpro, password: ******, nickname: 🤪大反派, imageCode: 1yvn
2020-01-18 16:37:44.014  INFO 7342 --- [Thread-7] o.s.s.concurrent.ThreadPoolTaskExecutor  : Shutting down ExecutorService 'applicationTaskExecutor'
2020-01-18 16:37:44.028  INFO 7342 --- [Thread-7] j.LocalContainerEntityManagerFactoryBean : Closing JPA EntityManagerFactory for persistence unit 'default'
2020-01-18 16:37:44.031  INFO 7342 --- [Thread-7] com.zaxxer.hikari.HikariDataSource       : HikariPool-1 - Shutdown initiated...
2020-01-18 16:37:44.041  INFO 7342 --- [Thread-7] com.zaxxer.hikari.HikariDataSource       : HikariPool-1 - Shutdown completed.
2020-01-18 16:41:27.491  INFO 13211 --- [main] com.useful.person.OkrmServerApplication  : Starting OkrmServerApplication on peter-desktop with PID 13211 (/home/peter/Documents/gitrepo/okrm-server/useful-person.okrm-server/target/classes started by peter in /home/peter/Documents/gitrepo/okrm-server)
2020-01-18 16:41:27.494  INFO 13211 --- [main] com.useful.person.OkrmServerApplication  : The following profiles are active: dev
2020-01-18 16:41:28.489  INFO 13211 --- [main] .s.d.r.c.RepositoryConfigurationDelegate : Multiple Spring Data modules found, entering strict repository configuration mode!
2020-01-18 16:41:28.492  INFO 13211 --- [main] .s.d.r.c.RepositoryConfigurationDelegate : Bootstrapping Spring Data repositories in DEFAULT mode.
2020-01-18 16:41:28.639  INFO 13211 --- [main] .s.d.r.c.RepositoryConfigurationDelegate : Finished Spring Data repository scanning in 141ms. Found 20 repository interfaces.
2020-01-18 16:41:29.028  INFO 13211 --- [main] trationDelegate$BeanPostProcessorChecker : Bean 'org.springframework.transaction.annotation.ProxyTransactionManagementConfiguration' of type [org.springframework.transaction.annotation.ProxyTransactionManagementConfiguration$$EnhancerBySpringCGLIB$$50b83562] is not eligible for getting processed by all BeanPostProcessors (for example: not eligible for auto-proxying)
2020-01-18 16:41:29.106  INFO 13211 --- [main] trationDelegate$BeanPostProcessorChecker : Bean 'org.springframework.security.config.annotation.configuration.ObjectPostProcessorConfiguration' of type [org.springframework.security.config.annotation.configuration.ObjectPostProcessorConfiguration$$EnhancerBySpringCGLIB$$e965fd9c] is not eligible for getting processed by all BeanPostProcessors (for example: not eligible for auto-proxying)
2020-01-18 16:41:29.111  INFO 13211 --- [main] trationDelegate$BeanPostProcessorChecker : Bean 'objectPostProcessor' of type [org.springframework.security.config.annotation.configuration.AutowireBeanFactoryObjectPostProcessor] is not eligible for getting processed by all BeanPostProcessors (for example: not eligible for auto-proxying)
2020-01-18 16:41:29.112  INFO 13211 --- [main] trationDelegate$BeanPostProcessorChecker : Bean 'org.springframework.security.access.expression.method.DefaultMethodSecurityExpressionHandler@30cafd13' of type [org.springframework.security.access.expression.method.DefaultMethodSecurityExpressionHandler] is not eligible for getting processed by all BeanPostProcessors (for example: not eligible for auto-proxying)
2020-01-18 16:41:29.115  INFO 13211 --- [main] trationDelegate$BeanPostProcessorChecker : Bean 'org.springframework.security.config.annotation.method.configuration.GlobalMethodSecurityConfiguration' of type [org.springframework.security.config.annotation.method.configuration.GlobalMethodSecurityConfiguration$$EnhancerBySpringCGLIB$$e3aa04e] is not eligible for getting processed by all BeanPostProcessors (for example: not eligible for auto-proxying)
2020-01-18 16:41:29.118  INFO 13211 --- [main] trationDelegate$BeanPostProcessorChecker : Bean 'methodSecurityMetadataSource' of type [org.springframework.security.access.method.DelegatingMethodSecurityMetadataSource] is not eligible for getting processed by all BeanPostProcessors (for example: not eligible for auto-proxying)
2020-01-18 16:41:29.382  INFO 13211 --- [main] o.s.b.w.embedded.tomcat.TomcatWebServer  : Tomcat initialized with port(s): 8080 (http)
2020-01-18 16:41:29.412  INFO 13211 --- [main] o.apache.catalina.core.StandardService   : Starting service [Tomcat]
2020-01-18 16:41:29.412  INFO 13211 --- [main] org.apache.catalina.core.StandardEngine  : Starting Servlet engine: [Apache Tomcat/9.0.22]
2020-01-18 16:41:29.527  INFO 13211 --- [main] o.a.c.c.C.[Tomcat].[localhost].[/]       : Initializing Spring embedded WebApplicationContext
2020-01-18 16:41:29.527  INFO 13211 --- [main] o.s.web.context.ContextLoader            : Root WebApplicationContext: initialization completed in 1988 ms
2020-01-18 16:41:30.234  INFO 13211 --- [main] com.zaxxer.hikari.HikariDataSource       : HikariPool-1 - Starting...
2020-01-18 16:41:30.581  INFO 13211 --- [main] com.zaxxer.hikari.HikariDataSource       : HikariPool-1 - Start completed.
2020-01-18 16:41:30.628  INFO 13211 --- [main] o.hibernate.jpa.internal.util.LogHelper  : HHH000204: Processing PersistenceUnitInfo [
	name: default
	...]
2020-01-18 16:41:30.696  INFO 13211 --- [main] org.hibernate.Version                    : HHH000412: Hibernate Core {5.3.10.Final}
2020-01-18 16:41:30.697  INFO 13211 --- [main] org.hibernate.cfg.Environment            : HHH000206: hibernate.properties not found
2020-01-18 16:41:30.808  INFO 13211 --- [main] o.hibernate.annotations.common.Version   : HCANN000001: Hibernate Commons Annotations {5.0.4.Final}
2020-01-18 16:41:30.901  INFO 13211 --- [main] org.hibernate.dialect.Dialect            : HHH000400: Using dialect: org.hibernate.dialect.MySQL8Dialect
2020-01-18 16:41:31.413  INFO 13211 --- [main] org.hibernate.tuple.PojoInstantiator     : HHH000182: No default (no-argument) constructor for class: com.useful.person.core.domain.UserInfoLog (class must be instantiated by Interceptor)
2020-01-18 16:41:31.792  INFO 13211 --- [main] j.LocalContainerEntityManagerFactoryBean : Initialized JPA EntityManagerFactory for persistence unit 'default'
2020-01-18 16:41:32.467  INFO 13211 --- [main] o.h.h.i.QueryTranslatorFactoryInitiator  : HHH000397: Using ASTQueryTranslatorFactory
2020-01-18 16:41:33.211  INFO 13211 --- [main] o.s.b.a.e.web.EndpointLinksResolver      : Exposing 2 endpoint(s) beneath base path '/actuator'
2020-01-18 16:41:33.323  INFO 13211 --- [main] pertySourcedRequestMappingHandlerMapping : Mapped URL path [/v2/api-docs] onto method [public org.springframework.http.ResponseEntity<springfox.documentation.spring.web.json.Json> springfox.documentation.swagger2.web.Swagger2Controller.getDocumentation(java.lang.String,javax.servlet.http.HttpServletRequest)]
2020-01-18 16:41:33.428  INFO 13211 --- [main] o.s.s.concurrent.ThreadPoolTaskExecutor  : Initializing ExecutorService 'applicationTaskExecutor'
2020-01-18 16:41:33.490  INFO 13211 --- [main] o.s.b.a.w.s.WelcomePageHandlerMapping    : Adding welcome page: class path resource [static/index.html]
2020-01-18 16:41:33.897  INFO 13211 --- [main] o.s.s.web.DefaultSecurityFilterChain     : Creating filter chain: any request, [org.springframework.security.web.context.request.async.WebAsyncManagerIntegrationFilter@2d1df853, org.springframework.security.web.context.SecurityContextPersistenceFilter@1a6b2564, org.springframework.security.web.header.HeaderWriterFilter@e43189c, org.springframework.security.web.authentication.logout.LogoutFilter@60cb3ca9, com.useful.person.core.validator.code.sms.SmsCodeFilter@79052209, com.useful.person.core.validator.code.ValidatorCodeFilter@35d9d10b, org.springframework.security.web.authentication.UsernamePasswordAuthenticationFilter@19273390, com.useful.person.core.authentication.mobile.SmsCodeAuthenticationFilter@7006b304, org.springframework.security.web.savedrequest.RequestCacheAwareFilter@4a270796, org.springframework.security.web.servletapi.SecurityContextHolderAwareRequestFilter@7261773c, org.springframework.security.web.authentication.rememberme.RememberMeAuthenticationFilter@674db438, org.springframework.security.web.authentication.AnonymousAuthenticationFilter@321b0237, org.springframework.security.web.session.SessionManagementFilter@46f970b6, org.springframework.security.web.access.ExceptionTranslationFilter@36d5677, org.springframework.security.web.access.intercept.FilterSecurityInterceptor@4ed343ea]
2020-01-18 16:41:34.011  INFO 13211 --- [main] io.lettuce.core.EpollProvider            : Starting without optional epoll library
2020-01-18 16:41:34.012  INFO 13211 --- [main] io.lettuce.core.KqueueProvider           : Starting without optional kqueue library
2020-01-18 16:41:34.266  INFO 13211 --- [main] d.s.w.p.DocumentationPluginsBootstrapper : Context refreshed
2020-01-18 16:41:34.284  INFO 13211 --- [main] d.s.w.p.DocumentationPluginsBootstrapper : Found 1 custom documentation plugin(s)
2020-01-18 16:41:34.334  INFO 13211 --- [main] s.d.s.w.s.ApiListingReferenceScanner     : Scanning for api listing references
2020-01-18 16:41:34.568  INFO 13211 --- [main] .d.s.w.r.o.CachingOperationNameGenerator : Generating unique operation named: queryAllUsingGET_1
2020-01-18 16:41:34.586  INFO 13211 --- [main] .d.s.w.r.o.CachingOperationNameGenerator : Generating unique operation named: addAllUsingPOST_1
2020-01-18 16:41:34.596  INFO 13211 --- [main] .d.s.w.r.o.CachingOperationNameGenerator : Generating unique operation named: queryByIdUsingGET_1
2020-01-18 16:41:34.598  INFO 13211 --- [main] .d.s.w.r.o.CachingOperationNameGenerator : Generating unique operation named: updateOneUsingPUT_1
2020-01-18 16:41:34.607  INFO 13211 --- [main] .d.s.w.r.o.CachingOperationNameGenerator : Generating unique operation named: addUsingPOST_1
2020-01-18 16:41:34.609  INFO 13211 --- [main] .d.s.w.r.o.CachingOperationNameGenerator : Generating unique operation named: queryAllUsingGET_2
2020-01-18 16:41:34.614  INFO 13211 --- [main] .d.s.w.r.o.CachingOperationNameGenerator : Generating unique operation named: updateOneUsingPUT_2
2020-01-18 16:41:34.639  INFO 13211 --- [main] .d.s.w.r.o.CachingOperationNameGenerator : Generating unique operation named: deleteUsingDELETE_1
2020-01-18 16:41:34.673  INFO 13211 --- [main] .d.s.w.r.o.CachingOperationNameGenerator : Generating unique operation named: deleteUsingDELETE_2
2020-01-18 16:41:34.730  INFO 13211 --- [main] .d.s.w.r.o.CachingOperationNameGenerator : Generating unique operation named: queryByUuidUsingGET_1
2020-01-18 16:41:34.780  INFO 13211 --- [main] .d.s.w.r.o.CachingOperationNameGenerator : Generating unique operation named: addUsingPOST_2
2020-01-18 16:41:34.781  INFO 13211 --- [main] .d.s.w.r.o.CachingOperationNameGenerator : Generating unique operation named: queryByIdUsingGET_2
2020-01-18 16:41:34.783  INFO 13211 --- [main] .d.s.w.r.o.CachingOperationNameGenerator : Generating unique operation named: updateOneUsingPUT_3
2020-01-18 16:41:34.803  INFO 13211 --- [main] .d.s.w.r.o.CachingOperationNameGenerator : Generating unique operation named: createTaskUsingPOST_1
2020-01-18 16:41:34.831  INFO 13211 --- [main] .d.s.w.r.o.CachingOperationNameGenerator : Generating unique operation named: queryUsingGET_1
2020-01-18 16:41:34.835  INFO 13211 --- [main] .d.s.w.r.o.CachingOperationNameGenerator : Generating unique operation named: queryUniversityUsingGET_1
2020-01-18 16:41:35.421  INFO 13211 --- [main] s.a.ScheduledAnnotationBeanPostProcessor : No TaskScheduler/ScheduledExecutorService bean found for scheduled processing
2020-01-18 16:41:35.452  INFO 13211 --- [main] o.s.b.w.embedded.tomcat.TomcatWebServer  : Tomcat started on port(s): 8080 (http) with context path ''
2020-01-18 16:41:35.455  INFO 13211 --- [main] com.useful.person.OkrmServerApplication  : Started OkrmServerApplication in 8.259 seconds (JVM running for 8.638)
2020-01-18 16:41:44.294  INFO 13211 --- [http-nio-8080-exec-1] o.a.c.c.C.[Tomcat].[localhost].[/]       : Initializing Spring DispatcherServlet 'dispatcherServlet'
2020-01-18 16:41:44.295  INFO 13211 --- [http-nio-8080-exec-1] o.s.web.servlet.DispatcherServlet        : Initializing Servlet 'dispatcherServlet'
2020-01-18 16:41:44.306  INFO 13211 --- [http-nio-8080-exec-1] o.s.web.servlet.DispatcherServlet        : Completed initialization in 11 ms
